This is pdfTeX, Version 3.14159265-2.6-1.40.20 (MiKTeX 2.9.7050 64-bit) (preloaded format=pdflatex 2019.7.26)  2 DEC 2020 17:20
entering extended mode
**./main.tex
(main.tex
LaTeX2e <2018-12-01>
("C:\Users\Landon\AppData\Local\Programs\MiKTeX 2.9\tex/latex/lineno\lineno.sty
"
Package: lineno 2005/11/02 line numbers on paragraphs v4.41
\linenopenalty=\count80
\output=\toks14
\linenoprevgraf=\count81
\linenumbersep=\dimen102
\linenumberwidth=\dimen103
\c@linenumber=\count82
\c@pagewiselinenumber=\count83
\c@LN@truepage=\count84
\c@internallinenumber=\count85
\c@internallinenumbers=\count86
\quotelinenumbersep=\dimen104
\bframerule=\dimen105
\bframesep=\dimen106
\bframebox=\box27
LaTeX Info: Redefining \\ on input line 3056.
)

! LaTeX Error: File `revtex4-2.cls' not found.

Type X to quit or <RETURN> to proceed,
or enter new name. (Default extension: cls)

Enter file name: 
! Emergency stop.
<read *> 
         
l.12 
      
*** (cannot \read from terminal in nonstop modes)

 
Here is how much of TeX's memory you used:
 221 strings out of 492895
 3457 string characters out of 3123268
 60335 words of memory out of 3000000
 4230 multiletter control sequences out of 15000+200000
 3640 words of font info for 14 fonts, out of 3000000 for 9000
 1141 hyphenation exceptions out of 8191
 17i,0n,17p,133b,10s stack positions out of 5000i,500n,10000p,200000b,50000s
!  ==> Fatal error occurred, no output PDF file produced!
